[ 2016-09-18T10:36:54+08:00 ] 127.0.0.1 127.0.0.1 GET /admin/
[ log ] label.test.com/admin/ [运行时间：0.019001007080078s] [吞吐率：52.63req/s] [内存消耗：799.45kb] [文件加载：19]
[ info ] [ ROUTE ] array (
  'type' => 'module',
  'module' => 
  array (
    0 => 'admin',
    1 => NULL,
    2 => NULL,
  ),
)
[ info ] [ LOG ] INIT File: array (
  'path' => 'E:\\wwwroot\\label.test.com\\admin\\runtime\\log\\',
  'level' => 
  array (
  ),
)

[ 2016-09-18T10:36:56+08:00 ] 127.0.0.1 127.0.0.1 GET /admin/
[ log ] label.test.com/admin/ [运行时间：0.018000841140747s] [吞吐率：55.55req/s] [内存消耗：799.45kb] [文件加载：19]
[ info ] [ ROUTE ] array (
  'type' => 'module',
  'module' => 
  array (
    0 => 'admin',
    1 => NULL,
    2 => NULL,
  ),
)
[ info ] [ LOG ] INIT File: array (
  'path' => 'E:\\wwwroot\\label.test.com\\admin\\runtime\\log\\',
  'level' => 
  array (
  ),
)

[ 2016-09-18T10:37:00+08:00 ] 127.0.0.1 127.0.0.1 GET /admin/index.php
[ log ] label.test.com/admin/index.php [运行时间：0.015001058578491s] [吞吐率：66.66req/s] [内存消耗：799.44kb] [文件加载：19]
[ info ] [ ROUTE ] array (
  'type' => 'module',
  'module' => 
  array (
    0 => 'admin',
    1 => NULL,
    2 => NULL,
  ),
)
[ info ] [ LOG ] INIT File: array (
  'path' => 'E:\\wwwroot\\label.test.com\\admin\\runtime\\log\\',
  'level' => 
  array (
  ),
)

[ 2016-09-18T10:37:32+08:00 ] 127.0.0.1 127.0.0.1 GET /admin/index.php
[ log ] label.test.com/admin/index.php [运行时间：0.023001909255981s] [吞吐率：43.47req/s] [内存消耗：799.49kb] [文件加载：19]
[ info ] [ ROUTE ] array (
  'type' => 'module',
  'module' => 
  array (
    0 => 'admin',
    1 => NULL,
    2 => NULL,
  ),
)
[ info ] [ LOG ] INIT File: array (
  'path' => 'E:\\wwwroot\\label.test.com\\admin\\runtime\\log\\',
  'level' => 
  array (
  ),
)

[ 2016-09-18T10:37:32+08:00 ] 127.0.0.1 127.0.0.1 GET /admin/index.php
[ log ] label.test.com/admin/index.php [运行时间：0.017000913619995s] [吞吐率：58.82req/s] [内存消耗：799.49kb] [文件加载：19]
[ info ] [ ROUTE ] array (
  'type' => 'module',
  'module' => 
  array (
    0 => 'admin',
    1 => NULL,
    2 => NULL,
  ),
)
[ info ] [ LOG ] INIT File: array (
  'path' => 'E:\\wwwroot\\label.test.com\\admin\\runtime\\log\\',
  'level' => 
  array (
  ),
)

